2025-03-18 13:59:59,192 - md-to-mdx - INFO - 处理文件: zh-hans/getting-started/install-self-hosted/environments.md
2025-03-18 13:59:59,197 - md-to-mdx - INFO - 已创建备份: zh-hans/getting-started/install-self-hosted/environments.md.bak
2025-03-18 13:59:59,203 - md-to-mdx - INFO - 转换完成: zh-hans/getting-started/install-self-hosted/output/environments.mdx
2025-03-18 13:59:59,203 - md-to-mdx - INFO - 处理文件: zh-hans/getting-started/install-self-hosted/bt-panel.md
2025-03-18 13:59:59,204 - md-to-mdx - INFO - 已创建备份: zh-hans/getting-started/install-self-hosted/bt-panel.md.bak
2025-03-18 13:59:59,205 - md-to-mdx - INFO - 转换完成: zh-hans/getting-started/install-self-hosted/output/bt-panel.mdx
2025-03-18 13:59:59,205 - md-to-mdx - INFO - 处理文件: zh-hans/getting-started/install-self-hosted/local-source-code.md
2025-03-18 13:59:59,206 - md-to-mdx - INFO - 已创建备份: zh-hans/getting-started/install-self-hosted/local-source-code.md.bak
2025-03-18 13:59:59,206 - md-to-mdx - INFO - 转换完成: zh-hans/getting-started/install-self-hosted/output/local-source-code.mdx
2025-03-18 13:59:59,206 - md-to-mdx - INFO - 处理文件: zh-hans/getting-started/install-self-hosted/faq.md
2025-03-18 13:59:59,207 - md-to-mdx - INFO - 已创建备份: zh-hans/getting-started/install-self-hosted/faq.md.bak
2025-03-18 13:59:59,207 - md-to-mdx - INFO - 转换完成: zh-hans/getting-started/install-self-hosted/output/faq.mdx
2025-03-18 13:59:59,207 - md-to-mdx - INFO - 处理文件: zh-hans/getting-started/install-self-hosted/zeabur.md
2025-03-18 13:59:59,208 - md-to-mdx - INFO - 已创建备份: zh-hans/getting-started/install-self-hosted/zeabur.md.bak
2025-03-18 13:59:59,208 - md-to-mdx - INFO - 转换完成: zh-hans/getting-started/install-self-hosted/output/zeabur.mdx
2025-03-18 13:59:59,209 - md-to-mdx - INFO - 处理文件: zh-hans/getting-started/install-self-hosted/README.md
2025-03-18 13:59:59,210 - md-to-mdx - INFO - 已创建备份: zh-hans/getting-started/install-self-hosted/README.md.bak
2025-03-18 13:59:59,210 - md-to-mdx - INFO - 转换完成: zh-hans/getting-started/install-self-hosted/output/README.mdx
2025-03-18 13:59:59,210 - md-to-mdx - INFO - 处理文件: zh-hans/getting-started/install-self-hosted/docker-compose.md
2025-03-18 13:59:59,211 - md-to-mdx - INFO - 已创建备份: zh-hans/getting-started/install-self-hosted/docker-compose.md.bak
2025-03-18 13:59:59,211 - md-to-mdx - INFO - 转换完成: zh-hans/getting-started/install-self-hosted/output/docker-compose.mdx
2025-03-18 13:59:59,211 - md-to-mdx - INFO - 处理文件: zh-hans/getting-started/install-self-hosted/start-the-frontend-docker-container.md
2025-03-18 13:59:59,212 - md-to-mdx - INFO - 已创建备份: zh-hans/getting-started/install-self-hosted/start-the-frontend-docker-container.md.bak
2025-03-18 13:59:59,212 - md-to-mdx - INFO - 转换完成: zh-hans/getting-started/install-self-hosted/output/start-the-frontend-docker-container.mdx
2025-03-18 14:03:27,878 - md-to-mdx - INFO - 创建基础输出目录: zh-hans/getting-started/install-self-hosted/output
2025-03-18 14:03:27,881 - md-to-mdx - INFO - 处理文件: zh-hans/getting-started/install-self-hosted/environments.md
2025-03-18 14:03:27,883 - md-to-mdx - INFO - 转换完成: zh-hans/getting-started/install-self-hosted/output/environments.mdx
2025-03-18 14:03:27,883 - md-to-mdx - INFO - 处理文件: zh-hans/getting-started/install-self-hosted/bt-panel.md
2025-03-18 14:03:27,883 - md-to-mdx - INFO - 转换完成: zh-hans/getting-started/install-self-hosted/output/bt-panel.mdx
2025-03-18 14:03:27,883 - md-to-mdx - INFO - 处理文件: zh-hans/getting-started/install-self-hosted/local-source-code.md
2025-03-18 14:03:27,884 - md-to-mdx - INFO - 转换完成: zh-hans/getting-started/install-self-hosted/output/local-source-code.mdx
2025-03-18 14:03:27,884 - md-to-mdx - INFO - 处理文件: zh-hans/getting-started/install-self-hosted/faq.md
2025-03-18 14:03:27,884 - md-to-mdx - INFO - 转换完成: zh-hans/getting-started/install-self-hosted/output/faq.mdx
2025-03-18 14:03:27,884 - md-to-mdx - INFO - 处理文件: zh-hans/getting-started/install-self-hosted/zeabur.md
2025-03-18 14:03:27,885 - md-to-mdx - INFO - 转换完成: zh-hans/getting-started/install-self-hosted/output/zeabur.mdx
2025-03-18 14:03:27,885 - md-to-mdx - INFO - 处理文件: zh-hans/getting-started/install-self-hosted/README.md
2025-03-18 14:03:27,885 - md-to-mdx - INFO - 转换完成: zh-hans/getting-started/install-self-hosted/output/README.mdx
2025-03-18 14:03:27,886 - md-to-mdx - INFO - 处理文件: zh-hans/getting-started/install-self-hosted/docker-compose.md
2025-03-18 14:03:27,886 - md-to-mdx - INFO - 转换完成: zh-hans/getting-started/install-self-hosted/output/docker-compose.mdx
2025-03-18 14:03:27,886 - md-to-mdx - INFO - 处理文件: zh-hans/getting-started/install-self-hosted/start-the-frontend-docker-container.md
2025-03-18 14:03:27,887 - md-to-mdx - INFO - 转换完成: zh-hans/getting-started/install-self-hosted/output/start-the-frontend-docker-container.mdx
2025-03-18 14:10:05,184 - md-to-mdx - INFO - 创建基础输出目录: zh-hans/getting-started/install-self-hosted/output
2025-03-18 14:10:05,186 - md-to-mdx - INFO - 处理文件: zh-hans/getting-started/install-self-hosted/environments.md
2025-03-18 14:10:05,190 - md-to-mdx - INFO - 转换完成: zh-hans/getting-started/install-self-hosted/output/environments.mdx
2025-03-18 14:10:05,191 - md-to-mdx - INFO - 处理文件: zh-hans/getting-started/install-self-hosted/bt-panel.md
2025-03-18 14:10:05,191 - md-to-mdx - INFO - 转换完成: zh-hans/getting-started/install-self-hosted/output/bt-panel.mdx
2025-03-18 14:10:05,192 - md-to-mdx - INFO - 处理文件: zh-hans/getting-started/install-self-hosted/local-source-code.md
2025-03-18 14:10:05,192 - md-to-mdx - INFO - 转换完成: zh-hans/getting-started/install-self-hosted/output/local-source-code.mdx
2025-03-18 14:10:05,193 - md-to-mdx - INFO - 处理文件: zh-hans/getting-started/install-self-hosted/faq.md
2025-03-18 14:10:05,193 - md-to-mdx - INFO - 转换完成: zh-hans/getting-started/install-self-hosted/output/faq.mdx
2025-03-18 14:10:05,193 - md-to-mdx - INFO - 处理文件: zh-hans/getting-started/install-self-hosted/zeabur.md
2025-03-18 14:10:05,194 - md-to-mdx - INFO - 转换完成: zh-hans/getting-started/install-self-hosted/output/zeabur.mdx
2025-03-18 14:10:05,194 - md-to-mdx - INFO - 处理文件: zh-hans/getting-started/install-self-hosted/README.md
2025-03-18 14:10:05,194 - md-to-mdx - INFO - 转换完成: zh-hans/getting-started/install-self-hosted/output/README.mdx
2025-03-18 14:10:05,194 - md-to-mdx - INFO - 处理文件: zh-hans/getting-started/install-self-hosted/docker-compose.md
2025-03-18 14:10:05,195 - md-to-mdx - INFO - 转换完成: zh-hans/getting-started/install-self-hosted/output/docker-compose.mdx
2025-03-18 14:10:05,195 - md-to-mdx - INFO - 处理文件: zh-hans/getting-started/install-self-hosted/start-the-frontend-docker-container.md
2025-03-18 14:10:05,196 - md-to-mdx - INFO - 转换完成: zh-hans/getting-started/install-self-hosted/output/start-the-frontend-docker-container.mdx
2025-03-18 14:45:51,207 - md-to-mdx - INFO - 创建基础输出目录: zh-hans/getting-started/install-self-hosted/output
2025-03-18 14:45:51,208 - md-to-mdx - INFO - 处理文件: zh-hans/getting-started/install-self-hosted/environments.md
2025-03-18 14:45:51,211 - md-to-mdx - INFO - 转换完成: zh-hans/getting-started/install-self-hosted/output/environments.mdx
2025-03-18 14:45:51,211 - md-to-mdx - INFO - 处理文件: zh-hans/getting-started/install-self-hosted/bt-panel.md
2025-03-18 14:45:51,212 - md-to-mdx - INFO - 转换完成: zh-hans/getting-started/install-self-hosted/output/bt-panel.mdx
2025-03-18 14:45:51,212 - md-to-mdx - INFO - 处理文件: zh-hans/getting-started/install-self-hosted/local-source-code.md
2025-03-18 14:45:51,213 - md-to-mdx - INFO - 转换完成: zh-hans/getting-started/install-self-hosted/output/local-source-code.mdx
2025-03-18 14:45:51,213 - md-to-mdx - INFO - 处理文件: zh-hans/getting-started/install-self-hosted/faq.md
2025-03-18 14:45:51,213 - md-to-mdx - INFO - 转换完成: zh-hans/getting-started/install-self-hosted/output/faq.mdx
2025-03-18 14:45:51,213 - md-to-mdx - INFO - 处理文件: zh-hans/getting-started/install-self-hosted/zeabur.md
2025-03-18 14:45:51,214 - md-to-mdx - INFO - 转换完成: zh-hans/getting-started/install-self-hosted/output/zeabur.mdx
2025-03-18 14:45:51,214 - md-to-mdx - INFO - 处理文件: zh-hans/getting-started/install-self-hosted/README.md
2025-03-18 14:45:51,214 - md-to-mdx - INFO - 转换完成: zh-hans/getting-started/install-self-hosted/output/README.mdx
2025-03-18 14:45:51,214 - md-to-mdx - INFO - 处理文件: zh-hans/getting-started/install-self-hosted/docker-compose.md
2025-03-18 14:45:51,215 - md-to-mdx - INFO - 转换完成: zh-hans/getting-started/install-self-hosted/output/docker-compose.mdx
2025-03-18 14:45:51,215 - md-to-mdx - INFO - 处理文件: zh-hans/getting-started/install-self-hosted/start-the-frontend-docker-container.md
2025-03-18 14:45:51,215 - md-to-mdx - INFO - 转换完成: zh-hans/getting-started/install-self-hosted/output/start-the-frontend-docker-container.mdx
2025-03-18 14:50:03,625 - md-to-mdx - INFO - 创建基础输出目录: zh-hans/getting-started/install-self-hosted/output
2025-03-18 14:50:03,628 - md-to-mdx - INFO - 处理文件: zh-hans/getting-started/install-self-hosted/environments.md
2025-03-18 14:50:03,632 - md-to-mdx - INFO - 转换完成: zh-hans/getting-started/install-self-hosted/output/environments.mdx
2025-03-18 14:50:03,633 - md-to-mdx - INFO - 处理文件: zh-hans/getting-started/install-self-hosted/bt-panel.md
2025-03-18 14:50:03,634 - md-to-mdx - INFO - 转换完成: zh-hans/getting-started/install-self-hosted/output/bt-panel.mdx
2025-03-18 14:50:03,635 - md-to-mdx - INFO - 处理文件: zh-hans/getting-started/install-self-hosted/local-source-code.md
2025-03-18 14:50:03,638 - md-to-mdx - INFO - 转换完成: zh-hans/getting-started/install-self-hosted/output/local-source-code.mdx
2025-03-18 14:50:03,638 - md-to-mdx - INFO - 处理文件: zh-hans/getting-started/install-self-hosted/faq.md
2025-03-18 14:50:03,639 - md-to-mdx - INFO - 转换完成: zh-hans/getting-started/install-self-hosted/output/faq.mdx
2025-03-18 14:50:03,640 - md-to-mdx - INFO - 处理文件: zh-hans/getting-started/install-self-hosted/zeabur.md
2025-03-18 14:50:03,640 - md-to-mdx - INFO - 转换完成: zh-hans/getting-started/install-self-hosted/output/zeabur.mdx
2025-03-18 14:50:03,640 - md-to-mdx - INFO - 处理文件: zh-hans/getting-started/install-self-hosted/README.md
2025-03-18 14:50:03,641 - md-to-mdx - INFO - 转换完成: zh-hans/getting-started/install-self-hosted/output/README.mdx
2025-03-18 14:50:03,641 - md-to-mdx - INFO - 处理文件: zh-hans/getting-started/install-self-hosted/docker-compose.md
2025-03-18 14:50:03,642 - md-to-mdx - INFO - 转换完成: zh-hans/getting-started/install-self-hosted/output/docker-compose.mdx
2025-03-18 14:50:03,642 - md-to-mdx - INFO - 处理文件: zh-hans/getting-started/install-self-hosted/start-the-frontend-docker-container.md
2025-03-18 14:50:03,642 - md-to-mdx - INFO - 转换完成: zh-hans/getting-started/install-self-hosted/output/start-the-frontend-docker-container.mdx
2025-03-18 15:14:50,847 - md-to-mdx - INFO - 创建基础输出目录: en/getting-started/output
2025-03-18 15:14:50,848 - md-to-mdx - INFO - 处理文件: en/getting-started/cloud.md
2025-03-18 15:14:50,852 - md-to-mdx - INFO - 转换完成: en/getting-started/output/cloud.mdx
2025-03-18 15:14:50,852 - md-to-mdx - INFO - 处理文件: en/getting-started/dify-premium-on-aws.md
2025-03-18 15:14:50,853 - md-to-mdx - INFO - 转换完成: en/getting-started/output/dify-premium-on-aws.mdx
2025-03-18 15:14:50,854 - md-to-mdx - INFO - 处理文件: en/getting-started/install-self-hosted/environments.md
2025-03-18 15:14:50,859 - md-to-mdx - INFO - 转换完成: en/getting-started/output/install-self-hosted/environments.mdx
2025-03-18 15:14:50,859 - md-to-mdx - INFO - 处理文件: en/getting-started/install-self-hosted/bt-panel.md
2025-03-18 15:14:50,860 - md-to-mdx - INFO - 转换完成: en/getting-started/output/install-self-hosted/bt-panel.mdx
2025-03-18 15:14:50,860 - md-to-mdx - INFO - 处理文件: en/getting-started/install-self-hosted/local-source-code.md
2025-03-18 15:14:50,861 - md-to-mdx - INFO - 转换完成: en/getting-started/output/install-self-hosted/local-source-code.mdx
2025-03-18 15:14:50,861 - md-to-mdx - INFO - 处理文件: en/getting-started/install-self-hosted/faqs.md
2025-03-18 15:14:50,862 - md-to-mdx - INFO - 转换完成: en/getting-started/output/install-self-hosted/faqs.mdx
2025-03-18 15:14:50,862 - md-to-mdx - INFO - 处理文件: en/getting-started/install-self-hosted/README.md
2025-03-18 15:14:50,862 - md-to-mdx - INFO - 转换完成: en/getting-started/output/install-self-hosted/README.mdx
2025-03-18 15:14:50,862 - md-to-mdx - INFO - 处理文件: en/getting-started/install-self-hosted/install-faq.md
2025-03-18 15:14:50,863 - md-to-mdx - INFO - 转换完成: en/getting-started/output/install-self-hosted/install-faq.mdx
2025-03-18 15:14:50,863 - md-to-mdx - INFO - 处理文件: en/getting-started/install-self-hosted/docker-compose.md
2025-03-18 15:14:50,865 - md-to-mdx - INFO - 转换完成: en/getting-started/output/install-self-hosted/docker-compose.mdx
2025-03-18 15:14:50,865 - md-to-mdx - INFO - 处理文件: en/getting-started/install-self-hosted/start-the-frontend-docker-container.md
2025-03-18 15:14:50,866 - md-to-mdx - INFO - 转换完成: en/getting-started/output/install-self-hosted/start-the-frontend-docker-container.mdx
2025-03-18 15:14:50,866 - md-to-mdx - INFO - 处理文件: en/getting-started/readme/features-and-specifications.md
2025-03-18 15:14:50,867 - md-to-mdx - INFO - 转换完成: en/getting-started/output/readme/features-and-specifications.mdx
2025-03-18 15:14:50,868 - md-to-mdx - INFO - 处理文件: en/getting-started/readme/model-providers.md
2025-03-18 15:14:50,868 - md-to-mdx - INFO - 转换完成: en/getting-started/output/readme/model-providers.mdx
